
├── documents
│   ├── David Mayo
│   ├── John Eastment
│   ├── Ken Urquart
│   ├── LRH
│   │   ├── data
│   │   │   ├── Books
│   │   │   ├── Policy
│   │   │   ├── Fiction
│   │   │   │   ├── 1940er
│   │   │   │   └── 1970er
│   │   │   └── Tech
│   │   │       ├── 1950-1959
│   │   │       │   ├── lecture
│   │   │       │   └── written
│   │   │       ├── 1960-1969
│   │   │       │   ├── lecture
│   │   │       │   └── written
│   │   │       ├── 1970-1972
│   │   │       │   ├── lecture
│   │   │       │   └── written
│   │   │       ├── 1973-1980
│   │   │       │   ├── lecture
│   │   │       │   └── written
│   │   │       ├── 1980-1986
│   │   │       │   ├── lecture
│   │   │       │   └── written
│   │   │       ├── 1981-1986
│   │   │       └── post-1986
│   │   │           ├── lecture
│   │   │           └── written
│   │   └── scripts
│   ├── Ray Mithoff
│   └── RVY
├
